v8-version,9,6,180,15,-node.16,0
v8-platform,linux,linux
new,CodeRange,0x7fd89b677000,0
new,MemoryChunk,0x35a463dc0000,262144
new,MemoryChunk,0x19bc815c0000,262144
new,MemoryChunk,0x3973f5800000,262144
new,MemoryChunk,0x2c8a5bb00000,262144
new,MemoryChunk,0x2d17f4f80000,262144
heap-capacity,1031072
heap-available,2198583104
new,MemoryChunk,0x2f8961640000,262144
new,MemoryChunk,0x3f6ac5d00000,262144
new,MemoryChunk,0x3dde16f00000,262144
new,MemoryChunk,0x28433b40000,262144
new,MemoryChunk,0x18e432880000,262144
new,MemoryChunk,0x15ce640c0000,262144
new,MemoryChunk,0x26c921dc0000,262144
new,MemoryChunk,0x7fd89b680000,262144
new,MemoryChunk,0x38c1bdc0000,262144
new,MemoryChunk,0x3cdfaaf80000,262144
new,MemoryChunk,0x2b4b641c0000,262144
new,MemoryChunk,0x356d7b6c0000,262144
new,MemoryChunk,0xb666e80000,262144
new,MemoryChunk,0x1dc801740000,262144
new,MemoryChunk,0xd77814c0000,262144
new,MemoryChunk,0x7fd89b6c0000,262144
new,MemoryChunk,0x4d89f200000,262144
new,MemoryChunk,0x32ee3fa80000,262144
new,MemoryChunk,0x1cc157840000,262144
new,MemoryChunk,0x25a00780000,262144
new,MemoryChunk,0x1c32c1280000,262144
new,MemoryChunk,0x2d80ec980000,262144
new,MemoryChunk,0x2c4a7bf00000,262144
new,MemoryChunk,0x38df3b900000,262144
new,MemoryChunk,0x325f69c80000,262144
scavenge,begin,0,75332,1649889603474
scavenge,end,0,76789,1649889603475
new,MemoryChunk,0xf4e76880000,262144
markcompact,begin,0,119259,1649889611581
markcompact,end,0,123712,1649889611585
delete,MemoryChunk,0x2d80ec980000
delete,MemoryChunk,0x2c4a7bf00000
delete,MemoryChunk,0x38df3b900000
delete,MemoryChunk,0x325f69c80000
markcompact,begin,0,139857,1649889612190
new,MemoryChunk,0x11c66ee40000,262144
new,MemoryChunk,0x2cfc68640000,262144
delete,MemoryChunk,0x1dc801740000
delete,MemoryChunk,0xd77814c0000
delete,MemoryChunk,0x32ee3fa80000
markcompact,end,0,146462,1649889612195
delete,MemoryChunk,0x19bc815c0000
delete,MemoryChunk,0x3973f5800000
delete,MemoryChunk,0x2c8a5bb00000
delete,MemoryChunk,0x2d17f4f80000
